2 638.04
8 647.587
26 683.179
80 698.901
242 721.724
728 861.278
2186 883.538
6560 907.33
19682 956.203
59048 865.279
177146 888.282
531440 913.138
1594322 936.901
4782968 954.865
14348906 978.882
43046720 1003.81
129140162 1028.04
387420488 1055.8
1162261466 1078.77
3486784400 1099.86
10460353202 1122.26
31381059608 1139.3
94143178826 1161.29
282429536480 1184.31
847288609442 1206.51
2541865828328 1230.27
7625597484986 1251.19
22876792454960 1273.91
68630377364882 1295.2
205891132094648 1383.29
617673396283946 1399.83
1853020188851840 1425.38
5559060566555522 1462.39
