3 655.101
9 655.84
27 680.417
81 689.89
243 697.977
729 832.98
2187 849.332
6561 870.441
19683 762.027
59049 796.04
177147 806.641
531441 824.423
1594323 818.78
4782969 868.018
14348907 887.374
43046721 906.99
129140163 918.765
387420489 937.122
1162261467 948.547
3486784401 965.201
10460353203 977.697
31381059609 997.782
94143178827 1006.58
282429536481 1023.45
847288609443 1089.23
2541865828329 1128.79
7625597484987 1139.34
22876792454961 1160.42
68630377364883 1157.08
205891132094649 1172.39
617673396283947 1187.52
1853020188851841 1218.54
5559060566555523 1231.81
